<?xml version="1.0" encoding="UTF-8"?>
<!-- Generated by org.testng.reporters.JUnitReportReporter -->
<testsuite hostname="DESKTOP-1GV7ETQ" failures="0" tests="7" name="MyTestCases" time="0.231" errors="0" timestamp="2025-10-05T23:21:35 MSK" skipped="0">
  <testcase classname="MyTestCases" name="ChekTheEnglishLanguageIsDefult" time="0.040"/>
  <system-out/>
  <testcase classname="MyTestCases" name="CheckTheDefaultCurrencyIsSAR" time="0.053"/>
  <system-out/>
  <testcase classname="MyTestCases" name="CheckContactNumber" time="0.022"/>
  <system-out/>
  <testcase classname="MyTestCases" name="CheckQitafLogoIsThereInTheFooter" time="0.031"/>
  <system-out/>
  <testcase classname="MyTestCases" name="CheckHotelTabIsNotSelected" time="0.022"/>
  <system-out/>
  <testcase classname="MyTestCases" name="CheckDepartureDate" time="0.038"/>
  <system-out/>
  <testcase classname="MyTestCases" name="CheckReturnDate" time="0.025"/>
  <system-out/>
</testsuite> <!-- MyTestCases -->
