<?xml version="1.0" encoding="UTF-8"?>
<!-- Generated by org.testng.reporters.JUnitReportReporter -->
<testsuite hostname="DESKTOP-1GV7ETQ" failures="0" tests="8" name="MyTestCases" time="4.785" errors="0" timestamp="2025-10-08T13:26:08 MSK" skipped="0">
  <testcase classname="MyTestCases" name="ChekTheEnglishLanguageIsDefult" time="0.059"/>
  <system-out/>
  <testcase classname="MyTestCases" name="CheckTheDefaultCurrencyIsSAR" time="0.338"/>
  <system-out/>
  <testcase classname="MyTestCases" name="CheckContactNumber" time="1.248"/>
  <system-out/>
  <testcase classname="MyTestCases" name="CheckQitafLogoIsThereInTheFooter" time="0.365"/>
  <system-out/>
  <testcase classname="MyTestCases" name="CheckHotelTabIsNotSelected" time="0.042"/>
  <system-out/>
  <testcase classname="MyTestCases" name="CheckDepartureDate" time="0.063"/>
  <system-out/>
  <testcase classname="MyTestCases" name="CheckReturnDate" time="0.026"/>
  <system-out/>
  <testcase classname="MyTestCases" name="RandomlyChangeTheLanguage" time="2.644"/>
  <system-out/>
</testsuite> <!-- MyTestCases -->
