<?xml version="1.0" encoding="UTF-8"?>
<!-- Generated by org.testng.reporters.JUnitReportReporter -->
<testsuite hostname="DESKTOP-1GV7ETQ" failures="0" tests="4" name="MyTestCases" time="0.143" errors="0" timestamp="2025-10-04T20:30:42 MSK" skipped="0">
  <testcase classname="MyTestCases" name="ChekTheEnglishLanguageIsDefult" time="0.055"/>
  <system-out/>
  <testcase classname="MyTestCases" name="CheckTheDefaultCurrencyIsSAR" time="0.042"/>
  <system-out/>
  <testcase classname="MyTestCases" name="CheckContactNumber" time="0.022"/>
  <system-out/>
  <testcase classname="MyTestCases" name="ChechQitafLogoIsThereInTheFooter" time="0.024"/>
  <system-out/>
</testsuite> <!-- MyTestCases -->
