<?xml version="1.0" encoding="UTF-8"?>
<!-- Generated by org.testng.reporters.JUnitReportReporter -->
<testsuite hostname="DESKTOP-1GV7ETQ" failures="0" tests="8" name="MyTestCases" time="1.947" errors="0" timestamp="2025-10-05T23:51:57 MSK" skipped="0">
  <testcase classname="MyTestCases" name="ChekTheEnglishLanguageIsDefult" time="0.035"/>
  <system-out/>
  <testcase classname="MyTestCases" name="CheckTheDefaultCurrencyIsSAR" time="0.030"/>
  <system-out/>
  <testcase classname="MyTestCases" name="CheckContactNumber" time="0.027"/>
  <system-out/>
  <testcase classname="MyTestCases" name="CheckQitafLogoIsThereInTheFooter" time="0.051"/>
  <system-out/>
  <testcase classname="MyTestCases" name="CheckHotelTabIsNotSelected" time="0.059"/>
  <system-out/>
  <testcase classname="MyTestCases" name="CheckDepartureDate" time="0.053"/>
  <system-out/>
  <testcase classname="MyTestCases" name="CheckReturnDate" time="0.027"/>
  <system-out/>
  <testcase classname="MyTestCases" name="RandomlyChangeTheLanguage" time="1.665"/>
  <system-out/>
</testsuite> <!-- MyTestCases -->
